<?xml version="1.0" encoding="UTF-8"?>
<!-- Generated by org.testng.reporters.JUnitReportReporter -->
<testsuite skipped="0" hostname="DESKTOP-51RDIPV" name="Com.Testcases.TC_FlipcartloginPage" tests="1" failures="0" timestamp="05 Jul 2021 15:02:09 GMT" time="23.376" errors="0">
  <testcase name="logintest" time="23.376" classname="Com.Testcases.TC_FlipcartloginPage"/>
</testsuite> <!-- Com.Testcases.TC_FlipcartloginPage -->
